2025-02-15 07:01:00 | DEBUG | repo=Clean-Blog | action=commit
2025-09-21 19:24:00 | DEBUG | repo=Clean-Blog | action=commit
2025-09-13 17:44:00 | WARN | repo=Clean-Blog | action=commit
2025-11-05 21:45:00 | WARN | repo=Clean-Blog | action=pull
2025-12-25 17:26:00 | INFO | repo=Clean-Blog | action=commit
2025-02-09 15:44:00 | WARN | repo=Clean-Blog | action=commit
2025-08-23 17:41:00 | DEBUG | repo=Clean-Blog | action=commit
2025-07-23 19:32:00 | DEBUG | repo=Clean-Blog | action=commit
2025-10-02 19:25:00 | INFO | repo=Clean-Blog | action=commit
2025-12-21 21:34:00 | INFO | repo=Clean-Blog | action=commit
2025-02-05 07:01:00 | WARN | repo=Clean-Blog | action=commit
2025-03-27 13:23:00 | WARN | repo=Clean-Blog | action=commit
2025-08-07 14:55:00 | INFO | repo=Clean-Blog | action=commit
2025-07-18 08:29:00 | INFO | repo=Clean-Blog | action=commit
2025-10-06 17:35:00 | DEBUG | repo=Clean-Blog | action=commit
2025-05-04 08:56:00 | WARN | repo=Clean-Blog | action=test | passed=true
2025-03-18 16:11:00 | WARN | repo=Clean-Blog | action=commit
2025-07-15 17:26:00 | INFO | repo=Clean-Blog | action=commit
2025-09-07 10:29:00 | DEBUG | repo=Clean-Blog | action=commit
2025-05-07 08:15:00 | DEBUG | repo=Clean-Blog | action=commit
2025-06-16 21:49:00 | WARN | repo=Clean-Blog | action=commit
2025-05-09 10:23:00 | WARN | repo=Clean-Blog | action=commit
2025-05-11 07:14:00 | DEBUG | repo=Clean-Blog | action=commit
2025-08-13 13:32:00 | INFO | repo=Clean-Blog | action=commit
2025-03-19 19:37:00 | WARN | repo=Clean-Blog | action=test | passed=true
2025-03-06 21:24:00 | INFO | repo=Clean-Blog | action=commit
2025-05-17 08:39:00 | DEBUG | repo=Clean-Blog | action=commit
2025-08-16 21:23:00 | WARN | repo=Clean-Blog | action=commit
2025-04-05 16:38:00 | WARN | repo=Clean-Blog | action=commit
2025-03-16 19:08:00 | INFO | repo=Clean-Blog | action=commit
2025-12-17 13:49:00 | WARN | repo=Clean-Blog | action=commit
2025-11-10 20:53:00 | INFO | repo=Clean-Blog | action=edit | files=5
2025-11-05 20:54:00 | DEBUG | repo=Clean-Blog | action=commit
2025-06-28 20:19:00 | INFO | repo=Clean-Blog | action=pull
2025-09-01 12:23:00 | WARN | repo=Clean-Blog | action=commit
2025-03-03 13:39:00 | DEBUG | repo=Clean-Blog | action=edit | files=1
2025-08-25 14:33:00 | INFO | repo=Clean-Blog | action=commit
2025-08-17 21:26:00 | INFO | repo=Clean-Blog | action=commit
2025-03-02 16:18:00 | WARN | repo=Clean-Blog | action=commit
2025-10-20 10:47:00 | INFO | repo=Clean-Blog | action=commit
2025-05-18 15:50:00 | WARN | repo=Clean-Blog | action=commit
2025-10-23 09:54:00 | DEBUG | repo=Clean-Blog | action=commit
2025-12-08 09:41:00 | DEBUG | repo=Clean-Blog | action=pull
2025-10-24 20:13:00 | DEBUG | repo=Clean-Blog | action=commit
2025-12-16 20:15:00 | WARN | repo=Clean-Blog | action=commit
2025-08-12 11:16:00 | INFO | repo=Clean-Blog | action=commit
2025-08-19 07:18:00 | WARN | repo=Clean-Blog | action=commit
2025-02-27 11:27:00 | DEBUG | repo=Clean-Blog | action=commit
2025-08-09 20:14:00 | WARN | repo=Clean-Blog | action=edit | files=3
2025-10-22 11:00:00 | WARN | repo=Clean-Blog | action=commit
2025-02-19 07:43:00 | INFO | repo=Clean-Blog | action=commit
2025-02-01 19:06:00 | INFO | repo=Clean-Blog | action=edit | files=4
2025-04-02 10:39:00 | WARN | repo=Clean-Blog | action=commit
2025-07-28 21:56:00 | WARN | repo=Clean-Blog | action=test | passed=true
2025-05-14 08:22:00 | INFO | repo=Clean-Blog | action=commit
2025-04-05 07:16:00 | WARN | repo=Clean-Blog | action=commit
2025-10-12 13:33:00 | WARN | repo=Clean-Blog | action=test | passed=true
2025-11-25 08:32:00 | DEBUG | repo=Clean-Blog | action=test | passed=true
2025-02-08 21:46:00 | WARN | repo=Clean-Blog | action=commit
2025-05-09 10:02:00 | WARN | repo=Clean-Blog | action=pull
2025-12-05 16:52:00 | DEBUG | repo=Clean-Blog | action=commit
2025-07-12 07:28:00 | WARN | repo=Clean-Blog | action=commit
2025-07-02 17:21:00 | INFO | repo=Clean-Blog | action=test | passed=true
2025-06-02 20:55:00 | DEBUG | repo=Clean-Blog | action=commit
2025-07-16 15:39:00 | WARN | repo=Clean-Blog | action=commit
2025-02-02 21:38:00 | INFO | repo=Clean-Blog | action=commit
2025-05-10 21:33:00 | INFO | repo=Clean-Blog | action=edit | files=2
2025-09-27 11:04:00 | DEBUG | repo=Clean-Blog | action=test | passed=true
2025-10-02 21:58:00 | INFO | repo=Clean-Blog | action=test | passed=true
2025-11-05 07:25:00 | DEBUG | repo=Clean-Blog | action=commit
2025-05-20 15:01:00 | WARN | repo=Clean-Blog | action=commit
2025-10-07 12:56:00 | DEBUG | repo=Clean-Blog | action=edit | files=2
2025-03-11 20:32:00 | DEBUG | repo=Clean-Blog | action=commit
2025-06-27 08:31:00 | INFO | repo=Clean-Blog | action=edit | files=1
2025-06-07 19:24:00 | WARN | repo=Clean-Blog | action=commit
2025-10-16 17:14:00 | INFO | repo=Clean-Blog | action=commit
2025-09-14 08:54:00 | DEBUG | repo=Clean-Blog | action=commit
2025-09-24 20:34:00 | DEBUG | repo=Clean-Blog | action=commit
2025-11-23 07:30:00 | INFO | repo=Clean-Blog | action=commit
2025-06-01 10:19:00 | INFO | repo=Clean-Blog | action=test | passed=true
2025-04-04 09:18:00 | WARN | repo=Clean-Blog | action=commit
2025-05-23 16:09:00 | WARN | repo=Clean-Blog | action=edit | files=1
2025-01-01 20:58:00 | WARN | repo=Clean-Blog | action=commit
2025-09-04 18:57:00 | INFO | repo=Clean-Blog | action=edit | files=5
2025-07-20 08:47:00 | WARN | repo=Clean-Blog | action=commit
2025-12-18 18:31:00 | INFO | repo=Clean-Blog | action=commit
2025-10-11 08:43:00 | WARN | repo=Clean-Blog | action=commit
2025-01-23 15:24:00 | INFO | repo=Clean-Blog | action=test | passed=true
2025-04-03 21:48:00 | INFO | repo=Clean-Blog | action=commit
2025-04-14 07:36:00 | WARN | repo=Clean-Blog | action=commit
2025-07-24 07:54:00 | WARN | repo=Clean-Blog | action=test | passed=true
2025-09-26 10:06:00 | DEBUG | repo=Clean-Blog | action=commit
2025-09-19 19:32:00 | DEBUG | repo=Clean-Blog | action=edit | files=2
2025-08-22 20:48:00 | WARN | repo=Clean-Blog | action=commit
2025-05-27 18:53:00 | WARN | repo=Clean-Blog | action=commit
2025-01-22 07:34:00 | DEBUG | repo=Clean-Blog | action=commit
2025-11-17 18:14:00 | INFO | repo=Clean-Blog | action=commit
2025-06-25 17:54:00 | DEBUG | repo=Clean-Blog | action=commit
2025-09-19 18:22:00 | DEBUG | repo=Clean-Blog | action=commit
2025-11-06 13:26:00 | DEBUG | repo=Clean-Blog | action=test | passed=true
2025-06-22 21:59:00 | INFO | repo=Clean-Blog | action=commit
2025-09-20 08:55:00 | INFO | repo=Clean-Blog | action=commit
2025-07-04 17:22:00 | WARN | repo=Clean-Blog | action=commit
2025-05-21 18:38:00 | WARN | repo=Clean-Blog | action=commit
2025-05-03 14:17:00 | WARN | repo=Clean-Blog | action=commit
2025-07-05 09:30:00 | INFO | repo=Clean-Blog | action=pull
2025-07-14 10:10:00 | DEBUG | repo=Clean-Blog | action=commit
2025-10-12 16:54:00 | WARN | repo=Clean-Blog | action=commit
2025-12-07 09:41:00 | INFO | repo=Clean-Blog | action=test | passed=true
2025-09-24 10:09:00 | DEBUG | repo=Clean-Blog | action=test | passed=true
2025-10-04 19:52:00 | WARN | repo=Clean-Blog | action=pull
2025-01-13 07:55:00 | DEBUG | repo=Clean-Blog | action=commit
2025-11-09 07:13:00 | INFO | repo=Clean-Blog | action=commit
2025-11-10 15:39:00 | DEBUG | repo=Clean-Blog | action=test | passed=true
2025-04-27 12:05:00 | WARN | repo=Clean-Blog | action=test | passed=true
2025-04-23 21:27:00 | WARN | repo=Clean-Blog | action=commit
2025-08-06 10:21:00 | DEBUG | repo=Clean-Blog | action=edit | files=2
2025-03-15 09:34:00 | DEBUG | repo=Clean-Blog | action=edit | files=1
2025-08-04 08:09:00 | WARN | repo=Clean-Blog | action=commit
2025-08-17 09:06:00 | INFO | repo=Clean-Blog | action=pull
2025-11-14 15:56:00 | INFO | repo=Clean-Blog | action=commit
2025-07-01 20:17:00 | DEBUG | repo=Clean-Blog | action=commit
2026-02-26 07:38:00 | DEBUG | repo=Clean-Blog | action=commit
2026-11-15 18:03:00 | DEBUG | repo=Clean-Blog | action=commit
2026-04-23 19:48:00 | WARN | repo=Clean-Blog | action=commit
2026-09-13 16:16:00 | INFO | repo=Clean-Blog | action=commit
2026-09-25 17:29:00 | WARN | repo=Clean-Blog | action=edit | files=3
2026-08-26 18:59:00 | DEBUG | repo=Clean-Blog | action=edit | files=5
2026-11-11 09:06:00 | INFO | repo=Clean-Blog | action=commit
2025-04-16 16:31:00 | INFO | repo=Clean-Blog | action=test | passed=true
2025-07-16 10:33:00 | INFO | repo=Clean-Blog | action=commit
2025-09-12 11:48:00 | INFO | repo=Clean-Blog | action=commit
2025-09-19 08:57:00 | INFO | repo=Clean-Blog | action=edit | files=2
2025-09-02 14:47:00 | DEBUG | repo=Clean-Blog | action=commit
2025-10-25 11:33:00 | WARN | repo=Clean-Blog | action=commit
2025-04-27 19:51:00 | INFO | repo=Clean-Blog | action=pull
2025-05-07 07:11:00 | DEBUG | repo=Clean-Blog | action=commit
2025-05-19 18:23:00 | DEBUG | repo=Clean-Blog | action=commit
2025-06-01 20:55:00 | DEBUG | repo=Clean-Blog | action=commit
2025-07-08 10:20:00 | DEBUG | repo=Clean-Blog | action=pull
2025-07-27 18:48:00 | WARN | repo=Clean-Blog | action=commit
2025-09-03 09:08:00 | INFO | repo=Clean-Blog | action=edit | files=3
2025-11-22 09:29:00 | DEBUG | repo=Clean-Blog | action=edit | files=4
2025-03-24 07:41:00 | DEBUG | repo=Clean-Blog | action=commit
2025-01-16 07:06:00 | INFO | repo=Clean-Blog | action=pull
2025-08-09 19:57:00 | INFO | repo=Clean-Blog | action=commit
2025-11-10 20:49:00 | INFO | repo=Clean-Blog | action=commit
2025-11-22 10:07:00 | DEBUG | repo=Clean-Blog | action=commit
2025-09-20 13:50:00 | INFO | repo=Clean-Blog | action=commit
2025-09-22 10:49:00 | WARN | repo=Clean-Blog | action=commit
2025-01-20 07:17:00 | WARN | repo=Clean-Blog | action=commit
2025-08-09 14:31:00 | DEBUG | repo=Clean-Blog | action=commit
2025-01-14 12:43:00 | INFO | repo=Clean-Blog | action=edit | files=3
2025-11-14 21:41:00 | WARN | repo=Clean-Blog | action=commit
2025-12-21 17:08:00 | INFO | repo=Clean-Blog | action=commit
2025-10-18 20:42:00 | WARN | repo=Clean-Blog | action=commit
2025-11-17 19:14:00 | DEBUG | repo=Clean-Blog | action=commit
2025-09-16 10:16:00 | WARN | repo=Clean-Blog | action=commit
2025-03-09 08:45:00 | WARN | repo=Clean-Blog | action=commit
2025-07-01 09:33:00 | DEBUG | repo=Clean-Blog | action=commit
2025-01-16 15:30:00 | DEBUG | repo=Clean-Blog | action=edit | files=1
2025-07-16 08:52:00 | INFO | repo=Clean-Blog | action=test | passed=true
2025-01-24 18:48:00 | WARN | repo=Clean-Blog | action=commit
2025-07-01 21:42:00 | INFO | repo=Clean-Blog | action=edit | files=2
2025-07-21 19:05:00 | DEBUG | repo=Clean-Blog | action=test | passed=true
2025-05-28 11:39:00 | INFO | repo=Clean-Blog | action=commit
2025-02-27 13:02:00 | DEBUG | repo=Clean-Blog | action=commit
2025-08-07 09:43:00 | WARN | repo=Clean-Blog | action=commit
2025-05-23 15:29:00 | INFO | repo=Clean-Blog | action=test | passed=true
2025-10-27 08:40:00 | INFO | repo=Clean-Blog | action=commit
2025-03-08 16:51:00 | WARN | repo=Clean-Blog | action=commit
2025-10-04 07:18:00 | WARN | repo=Clean-Blog | action=commit
2025-07-10 19:50:00 | WARN | repo=Clean-Blog | action=pull
2025-02-26 16:36:00 | INFO | repo=Clean-Blog | action=commit
2025-10-20 21:55:00 | INFO | repo=Clean-Blog | action=commit
2025-10-16 19:32:00 | WARN | repo=Clean-Blog | action=commit
2025-11-14 09:08:00 | DEBUG | repo=Clean-Blog | action=test | passed=true
2025-07-12 16:01:00 | DEBUG | repo=Clean-Blog | action=pull
2025-01-13 20:12:00 | INFO | repo=Clean-Blog | action=commit
2025-04-24 07:07:00 | DEBUG | repo=Clean-Blog | action=commit
2025-08-15 19:23:00 | WARN | repo=Clean-Blog | action=commit
2025-01-17 14:54:00 | DEBUG | repo=Clean-Blog | action=commit
2025-03-02 08:35:00 | DEBUG | repo=Clean-Blog | action=commit
2025-11-21 19:09:00 | INFO | repo=Clean-Blog | action=commit
2025-07-17 18:09:00 | WARN | repo=Clean-Blog | action=pull
2025-02-11 08:29:00 | WARN | repo=Clean-Blog | action=commit
2025-06-22 08:59:00 | WARN | repo=Clean-Blog | action=test | passed=true
2025-10-05 21:47:00 | WARN | repo=Clean-Blog | action=test | passed=true
2025-06-12 13:09:00 | INFO | repo=Clean-Blog | action=pull
2025-02-22 17:15:00 | DEBUG | repo=Clean-Blog | action=edit | files=1
2025-11-16 19:02:00 | DEBUG | repo=Clean-Blog | action=edit | files=4
2025-09-17 20:51:00 | WARN | repo=Clean-Blog | action=commit
2025-11-10 18:39:00 | DEBUG | repo=Clean-Blog | action=pull
2025-03-23 11:35:00 | INFO | repo=Clean-Blog | action=edit | files=5
2025-08-06 21:39:00 | DEBUG | repo=Clean-Blog | action=pull
2025-05-25 08:04:00 | WARN | repo=Clean-Blog | action=commit
2024-12-01T09:40:00 | nonce=14136422639470938816
2025-07-18T13:52:00 | nonce=12181249008888042739
2024-05-08T20:01:00 | nonce=1189641729970472122
2024-12-22T15:35:00 | nonce=9123231267786426362
2025-02-19T16:04:00 | nonce=7041661179034955358
2024-11-01T16:01:00 | nonce=759332006717267195
2024-09-15T19:40:00 | nonce=11698701999266073200
2025-03-06T10:40:00 | nonce=417472587128099583
2024-02-02T09:15:00 | nonce=707344203893529224
2024-04-08T11:53:00 | nonce=11755309673640479216
2024-10-14T16:30:00 | nonce=13005048366319254571
2024-12-25T11:49:00 | nonce=1478616225995413871
2025-06-16T13:19:00 | nonce=11621412615053483299
2025-08-17T20:20:00 | nonce=12790819439752271760
2025-10-21T16:14:00 | nonce=3172704779906158786
2025-11-15T10:36:00 | nonce=4328193666646177405
2025-05-17T11:23:00 | nonce=12186699763948698267
2024-04-25T20:23:00 | nonce=8762612660306722801
2025-10-19T10:16:00 | nonce=6522768785816535420
2025-10-10T16:24:00 | nonce=8068713774844930910
2025-11-19T10:43:00 | nonce=585805577504004654
2024-06-05T18:51:00 | nonce=720494641997440677
2024-01-02T14:36:00 | nonce=9347754963113357035
2024-10-20T19:13:00 | nonce=6585139160760019612
2025-05-13T16:05:00 | nonce=13714937207930749024
2024-01-07T20:49:00 | nonce=18021869511970653198
2024-05-29T20:17:00 | nonce=12130822373411322432
2024-06-21T18:54:00 | nonce=5386933542457343189
2024-08-21T17:27:00 | nonce=400573210660504234
2024-11-26T13:51:00 | nonce=4905121618025192046
2024-12-17T15:35:00 | nonce=14776466774567230996
2025-01-19T10:33:00 | nonce=1824255211633230294
2025-02-13T13:17:00 | nonce=11250945507478565377
2025-08-09T12:34:00 | nonce=14957908746007915797
2025-12-25T20:14:00 | nonce=4338142533532653107
2025-10-21T13:40:00 | nonce=6289802031710936649
2025-02-03T19:30:00 | nonce=13718611358638929522
2024-06-06T20:25:00 | nonce=1035575570444778082
2024-01-03T13:18:00 | nonce=8953479490691316932
2025-07-14T16:06:00 | nonce=10033357447441324309
2024-11-06T18:54:00 | nonce=3424640302362333225
2024-10-23T18:07:00 | nonce=18333316013406088446
2024-03-02T11:17:00 | nonce=1395155976427517407
2024-03-28T19:40:00 | nonce=11784293351846094299
2024-06-07T17:00:00 | nonce=18004063451205098700
2024-09-21T20:05:00 | nonce=7439818639053083225
2024-09-29T19:16:00 | nonce=7878283251175285195
2024-10-10T17:41:00 | nonce=6668994829230842265
2024-10-28T09:52:00 | nonce=4181794681803479328
2024-11-02T20:28:00 | nonce=17174051403682802730
2024-12-01T14:46:00 | nonce=17108962030783819157
2025-09-24T09:07:00 | nonce=3623852388476089942
2025-11-02T09:04:00 | nonce=10046045081639992404
2025-12-12T11:45:00 | nonce=15611856294055415904
2025-04-18T16:05:00 | nonce=11145603370978310878
2024-10-12T10:49:00 | nonce=2486003400432801729
2024-05-06T09:02:00 | nonce=3442422012575842943
2024-10-18T11:59:00 | nonce=4708755997595437895
2024-11-18T09:05:00 | nonce=7357179800228821959
2025-02-27T15:44:00 | nonce=2036572815101071783
2025-09-18T16:22:00 | nonce=10283093519660128515
2025-07-09T11:40:00 | nonce=13498313148855516840
2024-10-27T16:00:00 | nonce=1683332783046165667
2024-01-03T09:38:00 | nonce=12916260757269984857
2024-01-10T17:35:00 | nonce=15468102248723340194
2024-04-18T11:57:00 | nonce=11376962290322552352
2024-05-17T09:19:00 | nonce=8647215112586818128
2024-06-30T13:39:00 | nonce=3533920805655453391
2024-12-28T19:10:00 | nonce=9929765743117092223
2025-09-16T15:25:00 | nonce=15340248689789387000
